==== Cycle 1 ====

The class '[Class] com.intercom.composer.ComposerFragment' was removed because the Java base type 'android.support.v4.app.Fragment' could not be found.
The method '[Method] void onInputClicked(android.support.v7.widget.RecyclerView.ViewHolder viewHolder)' was removed because the Java parameter type 'android.support.v7.widget.RecyclerView.ViewHolder' could not be found.
The method '[Method] void setFragmentManager(android.support.v4.app.FragmentManager fragmentManager)' was removed because the Java parameter type 'android.support.v4.app.FragmentManager' could not be found.
The constructor 'Constructor: com.intercom.composer.animation.HideSendButtonAnimatorListener.HideSendButtonAnimatorListener' was removed because the Java parameter type 'android.support.v7.widget.RecyclerView.Adapter' could not be found.
The constructor 'Constructor: com.intercom.composer.animation.ShowSendButtonAnimatorListener.ShowSendButtonAnimatorListener' was removed because the Java parameter type 'android.support.v7.widget.RecyclerView.Adapter' could not be found.
The constructor 'Constructor: com.intercom.composer.animation.ShowSendButtonAnimatorListener.ShowSendButtonAnimatorListener' was removed because the Java parameter type 'android.support.v7.widget.LinearLayoutManager' could not be found.
The method '[Method] T findFragment(android.support.v4.app.FragmentManager fragmentManager)' was removed because the Java parameter type 'android.support.v4.app.FragmentManager' could not be found.
The class '[Class] com.intercom.composer.input.InputFragment' was removed because the Java base type 'android.support.v4.app.Fragment' could not be found.
The class '[Class] com.intercom.composer.input.iconbar.EmptyIconViewHolder' was removed because the Java base type 'android.support.v7.widget.RecyclerView.ViewHolder' could not be found.
The method '[Method] void onInputClicked(android.support.v7.widget.RecyclerView.ViewHolder p0)' was removed because the Java parameter type 'android.support.v7.widget.RecyclerView.ViewHolder' could not be found.
The class '[Class] com.intercom.composer.input.iconbar.InputIconRecyclerDecoration' was removed because the Java base type 'android.support.v7.widget.RecyclerView.ItemDecoration' could not be found.
The class '[Class] com.intercom.composer.input.iconbar.InputIconsRecyclerAdapter' was removed because the Java base type 'android.support.v7.widget.RecyclerView.Adapter<android.support.v7.widget.RecyclerView.ViewHolder>' could not be found.
The class '[Class] com.intercom.composer.input.iconbar.InputIconViewHolder' was removed because the Java base type 'android.support.v7.widget.RecyclerView.ViewHolder' could not be found.
The class '[Class] com.intercom.composer.pager.ComposerPagerAdapter' was removed because the Java base type 'android.support.v4.app.FragmentPagerAdapter' could not be found.
The class '[Class] com.intercom.composer.pager.NonSwipeableViewPager' was removed because the Java base type 'android.support.v4.view.ViewPager' could not be found.

==== Cycle 2 ====

The method '[Method] void setComposerPagerAdapter(com.intercom.composer.pager.ComposerPagerAdapter composerPagerAdapter)' was removed because the Java parameter type 'com.intercom.composer.pager.ComposerPagerAdapter' could not be found.
The class '[Class] com.intercom.composer.input.empty.EmptyFragment' was removed because the Java base type 'com.intercom.composer.input.InputFragment' could not be found.
The method '[Method] com.intercom.composer.input.InputFragment createFragment()' was removed because the Java return type 'com.intercom.composer.input.InputFragment' could not be found.

==== Cycle 3 ====

The class '[Class] com.intercom.composer.input.empty.EmptyInput' was removed because the Java base type 'com.intercom.composer.input.Input<com.intercom.composer.input.empty.EmptyFragment>' could not be found.

